<?xml version="1.0" encoding="UTF-8"?>
<!-- Generated by org.testng.reporters.JUnitXMLReporter -->
<testsuite hostname="DESKTOP-V30LTQ1" name="Free CRM App Test Cases" tests="6" failures="0" timestamp="4 Aug 2020 16:23:24 GMT" time="257.571" errors="0">
  <testcase name="loginTest" time="3.55" classname="com.CRMTesting.qa.Testcases.LoginpageTest"/>
  <testcase name="VerifyContactsPageTest" time="8.134" classname="com.CRMTesting.qa.Testcases.LoginpageTest"/>
  <testcase name="VerifyAddingNewContacts" time="16.6" classname="com.CRMTesting.qa.Testcases.LoginpageTest"/>
  <testcase name="VerifyAddingNewContactsfromExcelsheet" time="24.603" classname="com.CRMTesting.qa.Testcases.LoginpageTest"/>
  <testcase name="VerifyAddingNewContactsfromExcelsheet" time="17.29" classname="com.CRMTesting.qa.Testcases.LoginpageTest"/>
  <testcase name="VerifyAddingNewContactsfromExcelsheet" time="29.733" classname="com.CRMTesting.qa.Testcases.LoginpageTest"/>
</testsuite> <!-- Free CRM App Test Cases -->
