<?xml version="1.0" encoding="UTF-8"?>
<testng-results skipped="0" failed="0" total="1" passed="1">
  <reporter-output>
  </reporter-output>
  <suite name="Default suite" duration-ms="32628" started-at="2020-08-04T16:27:02Z" finished-at="2020-08-04T16:27:35Z">
    <groups>
    </groups>
    <test name="Default test" duration-ms="32628" started-at="2020-08-04T16:27:02Z" finished-at="2020-08-04T16:27:35Z">
      <class name="com.CRMTesting.qa.Testcases.LoginpageTest">
        <test-method status="PASS" signature="setup()[pri:0, instance:com.CRMTesting.qa.Testcases.LoginpageTest@475530b9]" name="setup" is-config="true" duration-ms="18833" started-at="2020-08-04T21:57:02Z" finished-at="2020-08-04T21:57:21Z">
          <reporter-output>
          </reporter-output>
        </test-method> <!-- setup -->
        <test-method status="PASS" signature="VerifyAddingNewContacts()[pri:0, instance:com.CRMTesting.qa.Testcases.LoginpageTest@475530b9]" name="VerifyAddingNewContacts" duration-ms="12348" started-at="2020-08-04T21:57:21Z" finished-at="2020-08-04T21:57:34Z">
          <reporter-output>
          </reporter-output>
        </test-method> <!-- VerifyAddingNewContacts -->
        <test-method status="PASS" signature="Teardown()[pri:0, instance:com.CRMTesting.qa.Testcases.LoginpageTest@475530b9]" name="Teardown" is-config="true" duration-ms="1396" started-at="2020-08-04T21:57:34Z" finished-at="2020-08-04T21:57:35Z">
          <reporter-output>
          </reporter-output>
        </test-method> <!-- Teardown -->
      </class> <!-- com.CRMTesting.qa.Testcases.LoginpageTest -->
    </test> <!-- Default test -->
  </suite> <!-- Default suite -->
</testng-results>
